{"/Users/freddieofori/Documents/techtests/bank-app/bank.js": {"path":"/Users/freddieofori/Documents/techtests/bank-app/bank.js","statementMap":{"0":{"start":{"line":3,"column":4},"end":{"line":3,"column":22}},"1":{"start":{"line":4,"column":4},"end":{"line":4,"column":34}},"2":{"start":{"line":8,"column":4},"end":{"line":8,"column":25}},"3":{"start":{"line":12,"column":4},"end":{"line":12,"column":36}},"4":{"start":{"line":16,"column":4},"end":{"line":18,"column":5}},"5":{"start":{"line":17,"column":6},"end":{"line":17,"column":47}},"6":{"start":{"line":19,"column":4},"end":{"line":19,"column":28}},"7":{"start":{"line":20,"column":4},"end":{"line":20,"column":45}},"8":{"start":{"line":24,"column":4},"end":{"line":26,"column":5}},"9":{"start":{"line":25,"column":6},"end":{"line":25,"column":47}},"10":{"start":{"line":27,"column":4},"end":{"line":27,"column":28}},"11":{"start":{"line":28,"column":4},"end":{"line":28,"column":44}},"12":{"start":{"line":32,"column":22},"end":{"line":32,"column":24}},"13":{"start":{"line":33,"column":4},"end":{"line":33,"column":36}},"14":{"start":{"line":34,"column":4},"end":{"line":34,"column":32}},"15":{"start":{"line":35,"column":4},"end":{"line":35,"column":39}},"16":{"start":{"line":36,"column":4},"end":{"line":36,"column":28}},"17":{"start":{"line":38,"column":4},"end":{"line":38,"column":47}},"18":{"start":{"line":42,"column":4},"end":{"line":44,"column":39}},"19":{"start":{"line":43,"column":6},"end":{"line":43,"column":219}}},"fnMap":{"0":{"name":"(anonymous_0)","decl":{"start":{"line":2,"column":2},"end":{"line":2,"column":3}},"loc":{"start":{"line":2,"column":16},"end":{"line":5,"column":3}},"line":2},"1":{"name":"(anonymous_1)","decl":{"start":{"line":7,"column":2},"end":{"line":7,"column":3}},"loc":{"start":{"line":7,"column":16},"end":{"line":9,"column":3}},"line":7},"2":{"name":"(anonymous_2)","decl":{"start":{"line":11,"column":2},"end":{"line":11,"column":3}},"loc":{"start":{"line":11,"column":27},"end":{"line":13,"column":3}},"line":11},"3":{"name":"(anonymous_3)","decl":{"start":{"line":15,"column":2},"end":{"line":15,"column":3}},"loc":{"start":{"line":15,"column":18},"end":{"line":21,"column":3}},"line":15},"4":{"name":"(anonymous_4)","decl":{"start":{"line":23,"column":2},"end":{"line":23,"column":3}},"loc":{"start":{"line":23,"column":18},"end":{"line":29,"column":3}},"line":23},"5":{"name":"(anonymous_5)","decl":{"start":{"line":31,"column":2},"end":{"line":31,"column":3}},"loc":{"start":{"line":31,"column":34},"end":{"line":39,"column":3}},"line":31},"6":{"name":"(anonymous_6)","decl":{"start":{"line":41,"column":2},"end":{"line":41,"column":3}},"loc":{"start":{"line":41,"column":19},"end":{"line":45,"column":3}},"line":41},"7":{"name":"(anonymous_7)","decl":{"start":{"line":42,"column":80},"end":{"line":42,"column":81}},"loc":{"start":{"line":42,"column":95},"end":{"line":44,"column":5}},"line":42}},"branchMap":{"0":{"loc":{"start":{"line":16,"column":4},"end":{"line":18,"column":5}},"type":"if","locations":[{"start":{"line":16,"column":4},"end":{"line":18,"column":5}},{"start":{},"end":{}}],"line":16},"1":{"loc":{"start":{"line":24,"column":4},"end":{"line":26,"column":5}},"type":"if","locations":[{"start":{"line":24,"column":4},"end":{"line":26,"column":5}},{"start":{},"end":{}}],"line":24},"2":{"loc":{"start":{"line":43,"column":39},"end":{"line":43,"column":105}},"type":"cond-expr","locations":[{"start":{"line":43,"column":71},"end":{"line":43,"column":100}},{"start":{"line":43,"column":103},"end":{"line":43,"column":105}}],"line":43},"3":{"loc":{"start":{"line":43,"column":112},"end":{"line":43,"column":177}},"type":"cond-expr","locations":[{"start":{"line":43,"column":143},"end":{"line":43,"column":172}},{"start":{"line":43,"column":175},"end":{"line":43,"column":177}}],"line":43}},"s":{"0":10,"1":10,"2":16,"3":6,"4":9,"5":1,"6":8,"7":8,"8":5,"9":1,"10":4,"11":4,"12":13,"13":13,"14":13,"15":13,"16":13,"17":13,"18":3,"19":5},"f":{"0":10,"1":16,"2":6,"3":9,"4":5,"5":13,"6":3,"7":5},"b":{"0":[1,8],"1":[1,4],"2":[3,2],"3":[2,3]},"_coverageSchema":"1a1c01bbd47fc00a2c39e90264f33305004495a9","hash":"1780e083b38791cf84b68bcfaca1f697e5203e43"}
}
