{"/Users/freddieofori/Documents/techtests/bank-app/bank.js": {"path":"/Users/freddieofori/Documents/techtests/bank-app/bank.js","statementMap":{"0":{"start":{"line":3,"column":4},"end":{"line":3,"column":22}},"1":{"start":{"line":4,"column":4},"end":{"line":4,"column":34}},"2":{"start":{"line":8,"column":4},"end":{"line":8,"column":25}},"3":{"start":{"line":12,"column":4},"end":{"line":12,"column":36}},"4":{"start":{"line":16,"column":4},"end":{"line":16,"column":28}},"5":{"start":{"line":17,"column":4},"end":{"line":17,"column":45}},"6":{"start":{"line":21,"column":4},"end":{"line":21,"column":28}},"7":{"start":{"line":22,"column":4},"end":{"line":22,"column":44}},"8":{"start":{"line":26,"column":22},"end":{"line":26,"column":24}},"9":{"start":{"line":27,"column":4},"end":{"line":27,"column":36}},"10":{"start":{"line":28,"column":4},"end":{"line":28,"column":32}},"11":{"start":{"line":29,"column":4},"end":{"line":29,"column":39}},"12":{"start":{"line":30,"column":4},"end":{"line":30,"column":28}},"13":{"start":{"line":32,"column":4},"end":{"line":32,"column":46}},"14":{"start":{"line":36,"column":4},"end":{"line":38,"column":39}},"15":{"start":{"line":37,"column":6},"end":{"line":37,"column":219}},"16":{"start":{"line":42,"column":11},"end":{"line":42,"column":21}},"17":{"start":{"line":43,"column":0},"end":{"line":43,"column":19}},"18":{"start":{"line":44,"column":0},"end":{"line":44,"column":19}},"19":{"start":{"line":45,"column":0},"end":{"line":45,"column":19}},"20":{"start":{"line":46,"column":0},"end":{"line":46,"column":35}}},"fnMap":{"0":{"name":"(anonymous_0)","decl":{"start":{"line":2,"column":2},"end":{"line":2,"column":3}},"loc":{"start":{"line":2,"column":16},"end":{"line":5,"column":3}},"line":2},"1":{"name":"(anonymous_1)","decl":{"start":{"line":7,"column":2},"end":{"line":7,"column":3}},"loc":{"start":{"line":7,"column":16},"end":{"line":9,"column":3}},"line":7},"2":{"name":"(anonymous_2)","decl":{"start":{"line":11,"column":2},"end":{"line":11,"column":3}},"loc":{"start":{"line":11,"column":27},"end":{"line":13,"column":3}},"line":11},"3":{"name":"(anonymous_3)","decl":{"start":{"line":15,"column":2},"end":{"line":15,"column":3}},"loc":{"start":{"line":15,"column":18},"end":{"line":18,"column":3}},"line":15},"4":{"name":"(anonymous_4)","decl":{"start":{"line":20,"column":2},"end":{"line":20,"column":3}},"loc":{"start":{"line":20,"column":18},"end":{"line":23,"column":3}},"line":20},"5":{"name":"(anonymous_5)","decl":{"start":{"line":25,"column":2},"end":{"line":25,"column":3}},"loc":{"start":{"line":25,"column":34},"end":{"line":33,"column":3}},"line":25},"6":{"name":"(anonymous_6)","decl":{"start":{"line":35,"column":2},"end":{"line":35,"column":3}},"loc":{"start":{"line":35,"column":19},"end":{"line":39,"column":3}},"line":35},"7":{"name":"(anonymous_7)","decl":{"start":{"line":36,"column":80},"end":{"line":36,"column":81}},"loc":{"start":{"line":36,"column":95},"end":{"line":38,"column":5}},"line":36}},"branchMap":{"0":{"loc":{"start":{"line":37,"column":39},"end":{"line":37,"column":105}},"type":"cond-expr","locations":[{"start":{"line":37,"column":71},"end":{"line":37,"column":100}},{"start":{"line":37,"column":103},"end":{"line":37,"column":105}}],"line":37},"1":{"loc":{"start":{"line":37,"column":112},"end":{"line":37,"column":177}},"type":"cond-expr","locations":[{"start":{"line":37,"column":143},"end":{"line":37,"column":172}},{"start":{"line":37,"column":175},"end":{"line":37,"column":177}}],"line":37}},"s":{"0":9,"1":9,"2":19,"3":8,"4":10,"5":10,"6":5,"7":5,"8":16,"9":16,"10":16,"11":16,"12":16,"13":16,"14":4,"15":8,"16":1,"17":1,"18":1,"19":1,"20":1},"f":{"0":9,"1":19,"2":8,"3":10,"4":5,"5":16,"6":4,"7":8},"b":{"0":[5,3],"1":[3,5]},"_coverageSchema":"1a1c01bbd47fc00a2c39e90264f33305004495a9","hash":"d0467224c53f19471fede04d6fcc3c9e34fa5b5e"}
}
