TN:
SF:bank.js
FN:2,(anonymous_0)
FN:7,(anonymous_1)
FN:11,(anonymous_2)
FN:15,(anonymous_3)
FN:20,(anonymous_4)
FN:25,(anonymous_5)
FN:35,(anonymous_6)
FN:36,(anonymous_7)
FNF:8
FNH:8
FNDA:9,(anonymous_0)
FNDA:19,(anonymous_1)
FNDA:8,(anonymous_2)
FNDA:10,(anonymous_3)
FNDA:5,(anonymous_4)
FNDA:16,(anonymous_5)
FNDA:4,(anonymous_6)
FNDA:8,(anonymous_7)
DA:3,9
DA:4,9
DA:8,19
DA:12,8
DA:16,10
DA:17,10
DA:21,5
DA:22,5
DA:26,16
DA:27,16
DA:28,16
DA:29,16
DA:30,16
DA:32,16
DA:36,4
DA:37,8
DA:42,1
DA:43,1
DA:44,1
DA:45,1
DA:46,1
LF:21
LH:21
BRDA:37,0,0,5
BRDA:37,0,1,3
BRDA:37,1,0,3
BRDA:37,1,1,5
BRF:4
BRH:4
end_of_record
