TN:
SF:bank.js
FN:2,(anonymous_0)
FN:7,(anonymous_1)
FN:11,(anonymous_2)
FN:15,(anonymous_3)
FN:23,(anonymous_4)
FN:31,(anonymous_5)
FN:41,(anonymous_6)
FN:42,(anonymous_7)
FNF:8
FNH:8
FNDA:10,(anonymous_0)
FNDA:16,(anonymous_1)
FNDA:6,(anonymous_2)
FNDA:9,(anonymous_3)
FNDA:5,(anonymous_4)
FNDA:13,(anonymous_5)
FNDA:3,(anonymous_6)
FNDA:5,(anonymous_7)
DA:3,10
DA:4,10
DA:8,16
DA:12,6
DA:16,9
DA:17,1
DA:19,8
DA:20,8
DA:24,5
DA:25,1
DA:27,4
DA:28,4
DA:32,13
DA:33,13
DA:34,13
DA:35,13
DA:36,13
DA:38,13
DA:42,3
DA:43,5
LF:20
LH:20
BRDA:16,0,0,1
BRDA:16,0,1,8
BRDA:24,1,0,1
BRDA:24,1,1,4
BRDA:43,2,0,3
BRDA:43,2,1,2
BRDA:43,3,0,2
BRDA:43,3,1,3
BRF:8
BRH:8
end_of_record
